<?xml version="1.0" encoding="UTF-8"?>
<!-- Generated by org.testng.reporters.JUnitXMLReporter -->
<testsuite hostname="G10CHLT003" name="Command line test" tests="3" failures="0" timestamp="3 Feb 2017 14:13:01 GMT" time="7.745" errors="0">
  <testcase name="@BeforeClass preConditionTest" time="0.0" classname="com.groupten.testscriptClass.AddMemberTest">
    <failure type="org.openqa.selenium.WebDriverException" message="unknown error: cannot get automation extension
from chrome not reachable
  (Session info: chrome=55.0.2883.87)
  (Driver info: chromedriver=2.25.426923 (0390b88869384d6eb0d5d09729679f934aab9eed),platform=Windows NT 6.1.7601 SP1 x86_64) (WARNING: The server did not provide any stacktrace information)
Command duration or timeout: 4.15 seconds
Build info: version: &amp;apos;3.0.1&amp;apos;, revision: &amp;apos;1969d75&amp;apos;, time: &amp;apos;2016-10-18 09:49:13 -0700&amp;apos;
System info: host: &amp;apos;G10CHLT003&amp;apos;, ip: &amp;apos;192.168.0.100&amp;apos;, os.name: &amp;apos;Windows 7&amp;apos;, os.arch: &amp;apos;amd64&amp;apos;, os.version: &amp;apos;6.1&amp;apos;, java.version: &amp;apos;1.8.0_121&amp;apos;
Driver info: org.openqa.selenium.chrome.ChromeDriver
Capabilities [{applicationCacheEnabled=false, rotatable=false, mobileEmulationEnabled=false, networkConnectionEnabled=false, chrome={chromedriverVersion=2.25.426923 (0390b88869384d6eb0d5d09729679f934aab9eed), userDataDir=C:\Users\Group10\AppData\Local\Temp\scoped_dir9608_4350}, takesHeapSnapshot=true, pageLoadStrategy=normal, databaseEnabled=false, handlesAlerts=true, hasTouchScreen=false, version=55.0.2883.87, platform=XP, browserConnectionEnabled=false, nativeEvents=true, acceptSslCerts=true, locationContextEnabled=true, webStorageEnabled=true, browserName=chrome, takesScreenshot=true, javascriptEnabled=true, cssSelectorsEnabled=true}]
Session ID: 2e3b7ca9508a20c2c36eafaf34f02590">
      <![CDATA[org.openqa.selenium.WebDriverException: unknown error: cannot get automation extension
from chrome not reachable
  (Session info: chrome=55.0.2883.87)
  (Driver info: chromedriver=2.25.426923 (0390b88869384d6eb0d5d09729679f934aab9eed),platform=Windows NT 6.1.7601 SP1 x86_64) (WARNING: The server did not provide any stacktrace information)
Command duration or timeout: 4.15 seconds
Build info: version: '3.0.1', revision: '1969d75', time: '2016-10-18 09:49:13 -0700'
System info: host: 'G10CHLT003', ip: '192.168.0.100', os.name: 'Windows 7', os.arch: 'amd64', os.version: '6.1', java.version: '1.8.0_121'
Driver info: org.openqa.selenium.chrome.ChromeDriver
Capabilities [{applicationCacheEnabled=false, rotatable=false, mobileEmulationEnabled=false, networkConnectionEnabled=false, chrome={chromedriverVersion=2.25.426923 (0390b88869384d6eb0d5d09729679f934aab9eed), userDataDir=C:\Users\Group10\AppData\Local\Temp\scoped_dir9608_4350}, takesHeapSnapshot=true, pageLoadStrategy=normal, databaseEnabled=false, handlesAlerts=true, hasTouchScreen=false, version=55.0.2883.87, platform=XP, browserConnectionEnabled=false, nativeEvents=true, acceptSslCerts=true, locationContextEnabled=true, webStorageEnabled=true, browserName=chrome, takesScreenshot=true, javascriptEnabled=true, cssSelectorsEnabled=true}]
Session ID: 2e3b7ca9508a20c2c36eafaf34f02590
	at org.openqa.selenium.remote.ErrorHandler.createThrowable(ErrorHandler.java:216)
	at org.openqa.selenium.remote.ErrorHandler.throwIfResponseFailed(ErrorHandler.java:168)
	at org.openqa.selenium.remote.RemoteWebDriver.execute(RemoteWebDriver.java:635)
	at org.openqa.selenium.remote.RemoteWebDriver.execute(RemoteWebDriver.java:658)
	at org.openqa.selenium.remote.RemoteWebDriver$RemoteWebDriverOptions$RemoteWindow.maximize(RemoteWebDriver.java:882)
	at com.groupten.utilitylibClass.BaseClass.preConditionTest(BaseClass.java:39)
	at org.apache.maven.surefire.testng.TestNGExecutor.run(TestNGExecutor.java:77)
	at org.apache.maven.surefire.testng.TestNGDirectoryTestSuite.executeMulti(TestNGDirectoryTestSuite.java:159)
	at org.apache.maven.surefire.testng.TestNGDirectoryTestSuite.execute(TestNGDirectoryTestSuite.java:99)
	at org.apache.maven.surefire.testng.TestNGProvider.invoke(TestNGProvider.java:106)
	at org.apache.maven.surefire.util.ReflectionUtils.invokeMethodWithArray(ReflectionUtils.java:189)
	at org.apache.maven.surefire.booter.ProviderFactory$ProviderProxy.invoke(ProviderFactory.java:165)
	at org.apache.maven.surefire.booter.ProviderFactory.invokeProvider(ProviderFactory.java:85)
	at org.apache.maven.surefire.booter.ForkedBooter.runSuitesInProcess(ForkedBooter.java:115)
	at org.apache.maven.surefire.booter.ForkedBooter.main(ForkedBooter.java:75)
... Removed 29 stack frames]]>
    </failure>
  </testcase> <!-- @BeforeClass preConditionTest -->
  <testcase name="@AfterMethod takeScreenShotFailTestScript" time="0.0" classname="com.groupten.testscriptClass.AddMemberTest">
    <skipped/>
  </testcase> <!-- @AfterMethod takeScreenShotFailTestScript -->
  <testcase name="@AfterMethod takeScreenShotFailTestScript" time="0.0" classname="com.groupten.testscriptClass.AddMemberTest">
    <skipped/>
  </testcase> <!-- @AfterMethod takeScreenShotFailTestScript -->
  <testcase name="@AfterClass teardown" time="0.0" classname="com.groupten.testscriptClass.AddMemberTest">
    <skipped/>
  </testcase> <!-- @AfterClass teardown -->
  <testcase name="@BeforeClass preConditionTest" time="0.0" classname="com.groupten.testscriptClass.AddProjectTest">
    <skipped/>
  </testcase> <!-- @BeforeClass preConditionTest -->
  <testcase name="@AfterMethod takeScreenShotFailTestScript" time="0.0" classname="com.groupten.testscriptClass.AddProjectTest">
    <skipped/>
  </testcase> <!-- @AfterMethod takeScreenShotFailTestScript -->
  <testcase name="@AfterClass teardown" time="0.0" classname="com.groupten.testscriptClass.AddProjectTest">
    <skipped/>
  </testcase> <!-- @AfterClass teardown -->
  <testcase name="addTest" time="0.001" classname="com.groupten.testscriptClass.AddMemberTest">
    <skipped/>
  </testcase> <!-- addTest -->
  <testcase name="verifyTitle" time="0.0" classname="com.groupten.testscriptClass.AddMemberTest">
    <skipped/>
  </testcase> <!-- verifyTitle -->
  <testcase name="addTest" time="0.0" classname="com.groupten.testscriptClass.AddProjectTest">
    <skipped/>
  </testcase> <!-- addTest -->
</testsuite> <!-- Command line test -->
